<?xml version="1.0" encoding="UTF-8"?>
<testsuite xmlns:xsi="http://www.w3.org/2001/XMLSchema-instance" xsi:noNamespaceSchemaLocation="https://maven.apache.org/surefire/maven-surefire-plugin/xsd/surefire-test-report.xsd" name="uel.ati.mercado.repository.ProdutoRepositoryTest" time="1.422" tests="2" errors="0" skipped="0" failures="0">
  <properties>
    <property name="sun.desktop" value="windows"/>
    <property name="awt.toolkit" value="sun.awt.windows.WToolkit"/>
    <property name="file.encoding.pkg" value="sun.io"/>
    <property name="java.specification.version" value="1.8"/>
    <property name="sun.cpu.isalist" value="amd64"/>
    <property name="sun.jnu.encoding" value="Cp1252"/>
    <property name="java.class.path" value="C:\Users\krist\Documents\Projetos\Mercado\mercado-back\target\test-classes;C:\Users\krist\Documents\Projetos\Mercado\mercado-back\target\classes;C:\Users\krist\.m2\repository\javax\javaee-web-api\7.0\javaee-web-api-7.0.jar;C:\Users\krist\.m2\repository\junit\junit\4.12\junit-4.12.jar;C:\Users\krist\.m2\repository\org\hamcrest\hamcrest-core\1.3\hamcrest-core-1.3.jar;C:\Users\krist\.m2\repository\org\jboss\arquillian\junit\arquillian-junit-container\1.4.1.Final\arquillian-junit-container-1.4.1.Final.jar;C:\Users\krist\.m2\repository\org\jboss\arquillian\junit\arquillian-junit-core\1.4.1.Final\arquillian-junit-core-1.4.1.Final.jar;C:\Users\krist\.m2\repository\org\jboss\arquillian\test\arquillian-test-api\1.4.1.Final\arquillian-test-api-1.4.1.Final.jar;C:\Users\krist\.m2\repository\org\jboss\arquillian\test\arquillian-test-spi\1.4.1.Final\arquillian-test-spi-1.4.1.Final.jar;C:\Users\krist\.m2\repository\org\jboss\arquillian\core\arquillian-core-spi\1.4.1.Final\arquillian-core-spi-1.4.1.Final.jar;C:\Users\krist\.m2\repository\org\jboss\arquillian\container\arquillian-container-test-api\1.4.1.Final\arquillian-container-test-api-1.4.1.Final.jar;C:\Users\krist\.m2\repository\org\jboss\shrinkwrap\shrinkwrap-api\1.2.6\shrinkwrap-api-1.2.6.jar;C:\Users\krist\.m2\repository\org\jboss\shrinkwrap\descriptors\shrinkwrap-descriptors-api-base\2.0.0\shrinkwrap-descriptors-api-base-2.0.0.jar;C:\Users\krist\.m2\repository\org\jboss\arquillian\container\arquillian-container-test-spi\1.4.1.Final\arquillian-container-test-spi-1.4.1.Final.jar;C:\Users\krist\.m2\repository\org\jboss\arquillian\container\arquillian-container-spi\1.4.1.Final\arquillian-container-spi-1.4.1.Final.jar;C:\Users\krist\.m2\repository\org\jboss\arquillian\core\arquillian-core-impl-base\1.4.1.Final\arquillian-core-impl-base-1.4.1.Final.jar;C:\Users\krist\.m2\repository\org\jboss\arquillian\test\arquillian-test-impl-base\1.4.1.Final\arquillian-test-impl-base-1.4.1.Final.jar;C:\Users\krist\.m2\repository\org\jboss\arquillian\container\arquillian-container-impl-base\1.4.1.Final\arquillian-container-impl-base-1.4.1.Final.jar;C:\Users\krist\.m2\repository\org\jboss\arquillian\config\arquillian-config-api\1.4.1.Final\arquillian-config-api-1.4.1.Final.jar;C:\Users\krist\.m2\repository\org\jboss\arquillian\config\arquillian-config-impl-base\1.4.1.Final\arquillian-config-impl-base-1.4.1.Final.jar;C:\Users\krist\.m2\repository\org\jboss\arquillian\config\arquillian-config-spi\1.4.1.Final\arquillian-config-spi-1.4.1.Final.jar;C:\Users\krist\.m2\repository\org\jboss\shrinkwrap\descriptors\shrinkwrap-descriptors-spi\2.0.0\shrinkwrap-descriptors-spi-2.0.0.jar;C:\Users\krist\.m2\repository\org\jboss\arquillian\container\arquillian-container-test-impl-base\1.4.1.Final\arquillian-container-test-impl-base-1.4.1.Final.jar;C:\Users\krist\.m2\repository\org\jboss\shrinkwrap\shrinkwrap-impl-base\1.2.6\shrinkwrap-impl-base-1.2.6.jar;C:\Users\krist\.m2\repository\org\jboss\shrinkwrap\shrinkwrap-spi\1.2.6\shrinkwrap-spi-1.2.6.jar;C:\Users\krist\.m2\repository\org\wildfly\arquillian\wildfly-arquillian-container-remote\2.1.1.Final\wildfly-arquillian-container-remote-2.1.1.Final.jar;C:\Users\krist\.m2\repository\org\wildfly\arquillian\wildfly-arquillian-common\2.1.1.Final\wildfly-arquillian-common-2.1.1.Final.jar;C:\Users\krist\.m2\repository\org\jboss\arquillian\testenricher\arquillian-testenricher-cdi\1.4.1.Final\arquillian-testenricher-cdi-1.4.1.Final.jar;C:\Users\krist\.m2\repository\org\jboss\arquillian\testenricher\arquillian-testenricher-ejb\1.4.1.Final\arquillian-testenricher-ejb-1.4.1.Final.jar;C:\Users\krist\.m2\repository\org\jboss\arquillian\testenricher\arquillian-testenricher-initialcontext\1.4.1.Final\arquillian-testenricher-initialcontext-1.4.1.Final.jar;C:\Users\krist\.m2\repository\org\jboss\arquillian\testenricher\arquillian-testenricher-resource\1.4.1.Final\arquillian-testenricher-resource-1.4.1.Final.jar;C:\Users\krist\.m2\repository\org\jboss\arquillian\protocol\arquillian-protocol-servlet\1.4.1.Final\arquillian-protocol-servlet-1.4.1.Final.jar;C:\Users\krist\.m2\repository\org\wildfly\arquillian\wildfly-arquillian-testenricher-msc\2.1.1.Final\wildfly-arquillian-testenricher-msc-2.1.1.Final.jar;C:\Users\krist\.m2\repository\org\wildfly\core\wildfly-server\3.0.0.Final\wildfly-server-3.0.0.Final.jar;C:\Users\krist\.m2\repository\org\wildfly\core\wildfly-controller\3.0.0.Final\wildfly-controller-3.0.0.Final.jar;C:\Users\krist\.m2\repository\org\jboss\staxmapper\1.3.0.Final\staxmapper-1.3.0.Final.jar;C:\Users\krist\.m2\repository\org\projectodd\vdx\vdx-wildfly\1.1.6\vdx-wildfly-1.1.6.jar;C:\Users\krist\.m2\repository\org\projectodd\vdx\vdx-core\1.1.6\vdx-core-1.1.6.jar;C:\Users\krist\.m2\repository\org\wildfly\core\wildfly-core-management-client\3.0.0.Final\wildfly-core-management-client-3.0.0.Final.jar;C:\Users\krist\.m2\repository\org\wildfly\core\wildfly-domain-http-interface\3.0.0.Final\wildfly-domain-http-interface-3.0.0.Final.jar;C:\Users\krist\.m2\repository\org\wildfly\security\elytron-web\undertow-server\1.0.0.Final\undertow-server-1.0.0.Final.jar;C:\Users\krist\.m2\repository\org\wildfly\core\wildfly-deployment-repository\3.0.0.Final\wildfly-deployment-repository-3.0.0.Final.jar;C:\Users\krist\.m2\repository\org\wildfly\core\wildfly-platform-mbean\3.0.0.Final\wildfly-platform-mbean-3.0.0.Final.jar;C:\Users\krist\.m2\repository\org\wildfly\core\wildfly-process-controller\3.0.0.Final\wildfly-process-controller-3.0.0.Final.jar;C:\Users\krist\.m2\repository\org\wildfly\core\wildfly-network\3.0.0.Final\wildfly-network-3.0.0.Final.jar;C:\Users\krist\.m2\repository\org\wildfly\core\wildfly-version\3.0.0.Final\wildfly-version-3.0.0.Final.jar;C:\Users\krist\.m2\repository\org\jboss\jandex\2.0.3.Final\jandex-2.0.3.Final.jar;C:\Users\krist\.m2\repository\org\jboss\invocation\jboss-invocation\1.5.0.Final\jboss-invocation-1.5.0.Final.jar;C:\Users\krist\.m2\repository\org\jboss\logmanager\jboss-logmanager\2.0.7.Final\jboss-logmanager-2.0.7.Final.jar;C:\Users\krist\.m2\repository\org\jboss\modules\jboss-modules\1.6.0.Final\jboss-modules-1.6.0.Final.jar;C:\Users\krist\.m2\repository\org\jboss\remoting\jboss-remoting\5.0.0.Final\jboss-remoting-5.0.0.Final.jar;C:\Users\krist\.m2\repository\org\jboss\stdio\jboss-stdio\1.0.2.GA\jboss-stdio-1.0.2.GA.jar;C:\Users\krist\.m2\repository\org\jboss\jboss-vfs\3.2.12.Final\jboss-vfs-3.2.12.Final.jar;C:\Users\krist\.m2\repository\io\undertow\undertow-core\1.4.18.Final\undertow-core-1.4.18.Final.jar;C:\Users\krist\.m2\repository\org\wildfly\core\wildfly-controller-client\3.0.0.Final\wildfly-controller-client-3.0.0.Final.jar;C:\Users\krist\.m2\repository\org\wildfly\core\wildfly-protocol\3.0.0.Final\wildfly-protocol-3.0.0.Final.jar;C:\Users\krist\.m2\repository\org\jboss\xnio\xnio-api\3.5.1.Final\xnio-api-3.5.1.Final.jar;C:\Users\krist\.m2\repository\org\jboss\xnio\xnio-nio\3.5.1.Final\xnio-nio-3.5.1.Final.jar;C:\Users\krist\.m2\repository\org\jboss\jboss-dmr\1.4.1.Final\jboss-dmr-1.4.1.Final.jar;C:\Users\krist\.m2\repository\org\jboss\logging\jboss-logging\3.3.1.Final\jboss-logging-3.3.1.Final.jar;C:\Users\krist\.m2\repository\org\jboss\threads\jboss-threads\2.2.1.Final\jboss-threads-2.2.1.Final.jar;C:\Users\krist\.m2\repository\org\wildfly\plugins\wildfly-plugin-core\1.2.0.Final\wildfly-plugin-core-1.2.0.Final.jar;C:\Users\krist\.m2\repository\org\jboss\shrinkwrap\descriptors\shrinkwrap-descriptors-impl-base\2.0.0\shrinkwrap-descriptors-impl-base-2.0.0.jar;C:\Users\krist\.m2\repository\org\wildfly\common\wildfly-common\1.2.0.Final\wildfly-common-1.2.0.Final.jar;C:\Users\krist\.m2\repository\org\wildfly\arquillian\wildfly-arquillian-protocol-jmx\2.1.1.Final\wildfly-arquillian-protocol-jmx-2.1.1.Final.jar;C:\Users\krist\.m2\repository\org\wildfly\security\wildfly-elytron\1.1.0.Final\wildfly-elytron-1.1.0.Final.jar;C:\Users\krist\.m2\repository\org\jboss\arquillian\protocol\arquillian-protocol-jmx\1.4.1.Final\arquillian-protocol-jmx-1.4.1.Final.jar;C:\Users\krist\.m2\repository\org\wildfly\core\wildfly-jmx\3.0.0.Final\wildfly-jmx-3.0.0.Final.jar;C:\Users\krist\.m2\repository\org\jboss\msc\jboss-msc\1.2.7.SP1\jboss-msc-1.2.7.SP1.jar;C:\Users\krist\.m2\repository\org\jboss\remotingjmx\remoting-jmx\3.0.0.Final\remoting-jmx-3.0.0.Final.jar;C:\Users\krist\.m2\repository\org\wildfly\client\wildfly-client-config\1.0.0.Final\wildfly-client-config-1.0.0.Final.jar;C:\Users\krist\.m2\repository\org\wildfly\core\wildfly-remoting\3.0.0.Final\wildfly-remoting-3.0.0.Final.jar;C:\Users\krist\.m2\repository\org\wildfly\core\wildfly-domain-management\3.0.0.Final\wildfly-domain-management-3.0.0.Final.jar;C:\Users\krist\.m2\repository\org\picketbox\picketbox\5.0.2.Final\picketbox-5.0.2.Final.jar;C:\Users\krist\.m2\repository\org\wildfly\openssl\wildfly-openssl-java\1.0.2.Final\wildfly-openssl-java-1.0.2.Final.jar;C:\Users\krist\.m2\repository\org\wildfly\core\wildfly-core-security\3.0.0.Final\wildfly-core-security-3.0.0.Final.jar;C:\Users\krist\.m2\repository\org\wildfly\core\wildfly-core-security-api\3.0.0.Final\wildfly-core-security-api-3.0.0.Final.jar;C:\Users\krist\.m2\repository\org\wildfly\core\wildfly-io\3.0.0.Final\wildfly-io-3.0.0.Final.jar;C:\Users\krist\.m2\repository\org\jboss\marshalling\jboss-marshalling-river\2.0.0.Final\jboss-marshalling-river-2.0.0.Final.jar;C:\Users\krist\.m2\repository\org\jboss\marshalling\jboss-marshalling\2.0.0.Final\jboss-marshalling-2.0.0.Final.jar;C:\Users\krist\.m2\repository\org\jboss\arquillian\core\arquillian-core-api\1.4.1.Final\arquillian-core-api-1.4.1.Final.jar;"/>
    <property name="java.vm.vendor" value="Oracle Corporation"/>
    <property name="sun.arch.data.model" value="64"/>
    <property name="user.variant" value=""/>
    <property name="java.vendor.url" value="http://java.oracle.com/"/>
    <property name="user.timezone" value="America/Sao_Paulo"/>
    <property name="java.vm.specification.version" value="1.8"/>
    <property name="os.name" value="Windows 10"/>
    <property name="user.country" value="BR"/>
    <property name="sun.java.launcher" value="SUN_STANDARD"/>
    <property name="sun.boot.library.path" value="C:\Program Files\Java\jdk1.8.0_111\jre\bin"/>
    <property name="sun.java.command" value="C:\Users\krist\AppData\Local\Temp\surefire2323806854923728683\surefirebooter8454306905727154718.jar C:\Users\krist\AppData\Local\Temp\surefire2323806854923728683 2021-08-19T19-16-18_836-jvmRun1 surefire4215738797704370095tmp surefire_03534182174680867904tmp"/>
    <property name="surefire.test.class.path" value="C:\Users\krist\Documents\Projetos\Mercado\mercado-back\target\test-classes;C:\Users\krist\Documents\Projetos\Mercado\mercado-back\target\classes;C:\Users\krist\.m2\repository\javax\javaee-web-api\7.0\javaee-web-api-7.0.jar;C:\Users\krist\.m2\repository\junit\junit\4.12\junit-4.12.jar;C:\Users\krist\.m2\repository\org\hamcrest\hamcrest-core\1.3\hamcrest-core-1.3.jar;C:\Users\krist\.m2\repository\org\jboss\arquillian\junit\arquillian-junit-container\1.4.1.Final\arquillian-junit-container-1.4.1.Final.jar;C:\Users\krist\.m2\repository\org\jboss\arquillian\junit\arquillian-junit-core\1.4.1.Final\arquillian-junit-core-1.4.1.Final.jar;C:\Users\krist\.m2\repository\org\jboss\arquillian\test\arquillian-test-api\1.4.1.Final\arquillian-test-api-1.4.1.Final.jar;C:\Users\krist\.m2\repository\org\jboss\arquillian\test\arquillian-test-spi\1.4.1.Final\arquillian-test-spi-1.4.1.Final.jar;C:\Users\krist\.m2\repository\org\jboss\arquillian\core\arquillian-core-spi\1.4.1.Final\arquillian-core-spi-1.4.1.Final.jar;C:\Users\krist\.m2\repository\org\jboss\arquillian\container\arquillian-container-test-api\1.4.1.Final\arquillian-container-test-api-1.4.1.Final.jar;C:\Users\krist\.m2\repository\org\jboss\shrinkwrap\shrinkwrap-api\1.2.6\shrinkwrap-api-1.2.6.jar;C:\Users\krist\.m2\repository\org\jboss\shrinkwrap\descriptors\shrinkwrap-descriptors-api-base\2.0.0\shrinkwrap-descriptors-api-base-2.0.0.jar;C:\Users\krist\.m2\repository\org\jboss\arquillian\container\arquillian-container-test-spi\1.4.1.Final\arquillian-container-test-spi-1.4.1.Final.jar;C:\Users\krist\.m2\repository\org\jboss\arquillian\container\arquillian-container-spi\1.4.1.Final\arquillian-container-spi-1.4.1.Final.jar;C:\Users\krist\.m2\repository\org\jboss\arquillian\core\arquillian-core-impl-base\1.4.1.Final\arquillian-core-impl-base-1.4.1.Final.jar;C:\Users\krist\.m2\repository\org\jboss\arquillian\test\arquillian-test-impl-base\1.4.1.Final\arquillian-test-impl-base-1.4.1.Final.jar;C:\Users\krist\.m2\repository\org\jboss\arquillian\container\arquillian-container-impl-base\1.4.1.Final\arquillian-container-impl-base-1.4.1.Final.jar;C:\Users\krist\.m2\repository\org\jboss\arquillian\config\arquillian-config-api\1.4.1.Final\arquillian-config-api-1.4.1.Final.jar;C:\Users\krist\.m2\repository\org\jboss\arquillian\config\arquillian-config-impl-base\1.4.1.Final\arquillian-config-impl-base-1.4.1.Final.jar;C:\Users\krist\.m2\repository\org\jboss\arquillian\config\arquillian-config-spi\1.4.1.Final\arquillian-config-spi-1.4.1.Final.jar;C:\Users\krist\.m2\repository\org\jboss\shrinkwrap\descriptors\shrinkwrap-descriptors-spi\2.0.0\shrinkwrap-descriptors-spi-2.0.0.jar;C:\Users\krist\.m2\repository\org\jboss\arquillian\container\arquillian-container-test-impl-base\1.4.1.Final\arquillian-container-test-impl-base-1.4.1.Final.jar;C:\Users\krist\.m2\repository\org\jboss\shrinkwrap\shrinkwrap-impl-base\1.2.6\shrinkwrap-impl-base-1.2.6.jar;C:\Users\krist\.m2\repository\org\jboss\shrinkwrap\shrinkwrap-spi\1.2.6\shrinkwrap-spi-1.2.6.jar;C:\Users\krist\.m2\repository\org\wildfly\arquillian\wildfly-arquillian-container-remote\2.1.1.Final\wildfly-arquillian-container-remote-2.1.1.Final.jar;C:\Users\krist\.m2\repository\org\wildfly\arquillian\wildfly-arquillian-common\2.1.1.Final\wildfly-arquillian-common-2.1.1.Final.jar;C:\Users\krist\.m2\repository\org\jboss\arquillian\testenricher\arquillian-testenricher-cdi\1.4.1.Final\arquillian-testenricher-cdi-1.4.1.Final.jar;C:\Users\krist\.m2\repository\org\jboss\arquillian\testenricher\arquillian-testenricher-ejb\1.4.1.Final\arquillian-testenricher-ejb-1.4.1.Final.jar;C:\Users\krist\.m2\repository\org\jboss\arquillian\testenricher\arquillian-testenricher-initialcontext\1.4.1.Final\arquillian-testenricher-initialcontext-1.4.1.Final.jar;C:\Users\krist\.m2\repository\org\jboss\arquillian\testenricher\arquillian-testenricher-resource\1.4.1.Final\arquillian-testenricher-resource-1.4.1.Final.jar;C:\Users\krist\.m2\repository\org\jboss\arquillian\protocol\arquillian-protocol-servlet\1.4.1.Final\arquillian-protocol-servlet-1.4.1.Final.jar;C:\Users\krist\.m2\repository\org\wildfly\arquillian\wildfly-arquillian-testenricher-msc\2.1.1.Final\wildfly-arquillian-testenricher-msc-2.1.1.Final.jar;C:\Users\krist\.m2\repository\org\wildfly\core\wildfly-server\3.0.0.Final\wildfly-server-3.0.0.Final.jar;C:\Users\krist\.m2\repository\org\wildfly\core\wildfly-controller\3.0.0.Final\wildfly-controller-3.0.0.Final.jar;C:\Users\krist\.m2\repository\org\jboss\staxmapper\1.3.0.Final\staxmapper-1.3.0.Final.jar;C:\Users\krist\.m2\repository\org\projectodd\vdx\vdx-wildfly\1.1.6\vdx-wildfly-1.1.6.jar;C:\Users\krist\.m2\repository\org\projectodd\vdx\vdx-core\1.1.6\vdx-core-1.1.6.jar;C:\Users\krist\.m2\repository\org\wildfly\core\wildfly-core-management-client\3.0.0.Final\wildfly-core-management-client-3.0.0.Final.jar;C:\Users\krist\.m2\repository\org\wildfly\core\wildfly-domain-http-interface\3.0.0.Final\wildfly-domain-http-interface-3.0.0.Final.jar;C:\Users\krist\.m2\repository\org\wildfly\security\elytron-web\undertow-server\1.0.0.Final\undertow-server-1.0.0.Final.jar;C:\Users\krist\.m2\repository\org\wildfly\core\wildfly-deployment-repository\3.0.0.Final\wildfly-deployment-repository-3.0.0.Final.jar;C:\Users\krist\.m2\repository\org\wildfly\core\wildfly-platform-mbean\3.0.0.Final\wildfly-platform-mbean-3.0.0.Final.jar;C:\Users\krist\.m2\repository\org\wildfly\core\wildfly-process-controller\3.0.0.Final\wildfly-process-controller-3.0.0.Final.jar;C:\Users\krist\.m2\repository\org\wildfly\core\wildfly-network\3.0.0.Final\wildfly-network-3.0.0.Final.jar;C:\Users\krist\.m2\repository\org\wildfly\core\wildfly-version\3.0.0.Final\wildfly-version-3.0.0.Final.jar;C:\Users\krist\.m2\repository\org\jboss\jandex\2.0.3.Final\jandex-2.0.3.Final.jar;C:\Users\krist\.m2\repository\org\jboss\invocation\jboss-invocation\1.5.0.Final\jboss-invocation-1.5.0.Final.jar;C:\Users\krist\.m2\repository\org\jboss\logmanager\jboss-logmanager\2.0.7.Final\jboss-logmanager-2.0.7.Final.jar;C:\Users\krist\.m2\repository\org\jboss\modules\jboss-modules\1.6.0.Final\jboss-modules-1.6.0.Final.jar;C:\Users\krist\.m2\repository\org\jboss\remoting\jboss-remoting\5.0.0.Final\jboss-remoting-5.0.0.Final.jar;C:\Users\krist\.m2\repository\org\jboss\stdio\jboss-stdio\1.0.2.GA\jboss-stdio-1.0.2.GA.jar;C:\Users\krist\.m2\repository\org\jboss\jboss-vfs\3.2.12.Final\jboss-vfs-3.2.12.Final.jar;C:\Users\krist\.m2\repository\io\undertow\undertow-core\1.4.18.Final\undertow-core-1.4.18.Final.jar;C:\Users\krist\.m2\repository\org\wildfly\core\wildfly-controller-client\3.0.0.Final\wildfly-controller-client-3.0.0.Final.jar;C:\Users\krist\.m2\repository\org\wildfly\core\wildfly-protocol\3.0.0.Final\wildfly-protocol-3.0.0.Final.jar;C:\Users\krist\.m2\repository\org\jboss\xnio\xnio-api\3.5.1.Final\xnio-api-3.5.1.Final.jar;C:\Users\krist\.m2\repository\org\jboss\xnio\xnio-nio\3.5.1.Final\xnio-nio-3.5.1.Final.jar;C:\Users\krist\.m2\repository\org\jboss\jboss-dmr\1.4.1.Final\jboss-dmr-1.4.1.Final.jar;C:\Users\krist\.m2\repository\org\jboss\logging\jboss-logging\3.3.1.Final\jboss-logging-3.3.1.Final.jar;C:\Users\krist\.m2\repository\org\jboss\threads\jboss-threads\2.2.1.Final\jboss-threads-2.2.1.Final.jar;C:\Users\krist\.m2\repository\org\wildfly\plugins\wildfly-plugin-core\1.2.0.Final\wildfly-plugin-core-1.2.0.Final.jar;C:\Users\krist\.m2\repository\org\jboss\shrinkwrap\descriptors\shrinkwrap-descriptors-impl-base\2.0.0\shrinkwrap-descriptors-impl-base-2.0.0.jar;C:\Users\krist\.m2\repository\org\wildfly\common\wildfly-common\1.2.0.Final\wildfly-common-1.2.0.Final.jar;C:\Users\krist\.m2\repository\org\wildfly\arquillian\wildfly-arquillian-protocol-jmx\2.1.1.Final\wildfly-arquillian-protocol-jmx-2.1.1.Final.jar;C:\Users\krist\.m2\repository\org\wildfly\security\wildfly-elytron\1.1.0.Final\wildfly-elytron-1.1.0.Final.jar;C:\Users\krist\.m2\repository\org\jboss\arquillian\protocol\arquillian-protocol-jmx\1.4.1.Final\arquillian-protocol-jmx-1.4.1.Final.jar;C:\Users\krist\.m2\repository\org\wildfly\core\wildfly-jmx\3.0.0.Final\wildfly-jmx-3.0.0.Final.jar;C:\Users\krist\.m2\repository\org\jboss\msc\jboss-msc\1.2.7.SP1\jboss-msc-1.2.7.SP1.jar;C:\Users\krist\.m2\repository\org\jboss\remotingjmx\remoting-jmx\3.0.0.Final\remoting-jmx-3.0.0.Final.jar;C:\Users\krist\.m2\repository\org\wildfly\client\wildfly-client-config\1.0.0.Final\wildfly-client-config-1.0.0.Final.jar;C:\Users\krist\.m2\repository\org\wildfly\core\wildfly-remoting\3.0.0.Final\wildfly-remoting-3.0.0.Final.jar;C:\Users\krist\.m2\repository\org\wildfly\core\wildfly-domain-management\3.0.0.Final\wildfly-domain-management-3.0.0.Final.jar;C:\Users\krist\.m2\repository\org\picketbox\picketbox\5.0.2.Final\picketbox-5.0.2.Final.jar;C:\Users\krist\.m2\repository\org\wildfly\openssl\wildfly-openssl-java\1.0.2.Final\wildfly-openssl-java-1.0.2.Final.jar;C:\Users\krist\.m2\repository\org\wildfly\core\wildfly-core-security\3.0.0.Final\wildfly-core-security-3.0.0.Final.jar;C:\Users\krist\.m2\repository\org\wildfly\core\wildfly-core-security-api\3.0.0.Final\wildfly-core-security-api-3.0.0.Final.jar;C:\Users\krist\.m2\repository\org\wildfly\core\wildfly-io\3.0.0.Final\wildfly-io-3.0.0.Final.jar;C:\Users\krist\.m2\repository\org\jboss\marshalling\jboss-marshalling-river\2.0.0.Final\jboss-marshalling-river-2.0.0.Final.jar;C:\Users\krist\.m2\repository\org\jboss\marshalling\jboss-marshalling\2.0.0.Final\jboss-marshalling-2.0.0.Final.jar;C:\Users\krist\.m2\repository\org\jboss\arquillian\core\arquillian-core-api\1.4.1.Final\arquillian-core-api-1.4.1.Final.jar;"/>
    <property name="sun.cpu.endian" value="little"/>
    <property name="user.home" value="C:\Users\krist"/>
    <property name="user.language" value="pt"/>
    <property name="java.specification.vendor" value="Oracle Corporation"/>
    <property name="java.home" value="C:\Program Files\Java\jdk1.8.0_111\jre"/>
    <property name="basedir" value="C:\Users\krist\Documents\Projetos\Mercado\mercado-back"/>
    <property name="file.separator" value="\"/>
    <property name="line.separator" value="&#10;"/>
    <property name="java.vm.specification.vendor" value="Oracle Corporation"/>
    <property name="java.specification.name" value="Java Platform API Specification"/>
    <property name="java.awt.graphicsenv" value="sun.awt.Win32GraphicsEnvironment"/>
    <property name="surefire.real.class.path" value="C:\Users\krist\AppData\Local\Temp\surefire2323806854923728683\surefirebooter8454306905727154718.jar"/>
    <property name="sun.boot.class.path" value="C:\Program Files\Java\jdk1.8.0_111\jre\lib\resources.jar;C:\Program Files\Java\jdk1.8.0_111\jre\lib\rt.jar;C:\Program Files\Java\jdk1.8.0_111\jre\lib\sunrsasign.jar;C:\Program Files\Java\jdk1.8.0_111\jre\lib\jsse.jar;C:\Program Files\Java\jdk1.8.0_111\jre\lib\jce.jar;C:\Program Files\Java\jdk1.8.0_111\jre\lib\charsets.jar;C:\Program Files\Java\jdk1.8.0_111\jre\lib\jfr.jar;C:\Program Files\Java\jdk1.8.0_111\jre\classes"/>
    <property name="user.script" value=""/>
    <property name="sun.management.compiler" value="HotSpot 64-Bit Tiered Compilers"/>
    <property name="java.runtime.version" value="1.8.0_111-b14"/>
    <property name="user.name" value="krist"/>
    <property name="path.separator" value=";"/>
    <property name="os.version" value="10.0"/>
    <property name="java.endorsed.dirs" value="C:\Program Files\Java\jdk1.8.0_111\jre\lib\endorsed"/>
    <property name="java.runtime.name" value="Java(TM) SE Runtime Environment"/>
    <property name="file.encoding" value="Cp1252"/>
    <property name="java.vm.name" value="Java HotSpot(TM) 64-Bit Server VM"/>
    <property name="localRepository" value="C:\Users\krist\.m2\repository"/>
    <property name="java.vendor.url.bug" value="http://bugreport.sun.com/bugreport/"/>
    <property name="java.io.tmpdir" value="C:\Users\krist\AppData\Local\Temp\"/>
    <property name="java.version" value="1.8.0_111"/>
    <property name="user.dir" value="C:\Users\krist\Documents\Projetos\Mercado\mercado-back"/>
    <property name="os.arch" value="amd64"/>
    <property name="java.vm.specification.name" value="Java Virtual Machine Specification"/>
    <property name="java.awt.printerjob" value="sun.awt.windows.WPrinterJob"/>
    <property name="sun.os.patch.level" value=""/>
    <property name="java.library.path" value="C:\Program Files\Java\jdk1.8.0_111\bin;C:\Windows\Sun\Java\bin;C:\Windows\system32;C:\Windows;C:\Program Files\Common Files\Oracle\Java\javapath;C:\ProgramData\Oracle\Java\javapath;C:\Windows\system32;C:\Windows;C:\Windows\System32\Wbem;C:\Windows\System32\WindowsPowerShell\v1.0\;C:\Windows\System32\OpenSSH\;C:\Program Files (x86)\NVIDIA Corporation\PhysX\Common;D:\Program Files (x86)\Git\cmd;C:\Program Files\dotnet\;C:\Program Files\apache-maven-3.8.1\bin;C:\Program Files\JetBrains\IntelliJ IDEA 2021.2\bin;;."/>
    <property name="java.vm.info" value="mixed mode"/>
    <property name="java.vendor" value="Oracle Corporation"/>
    <property name="java.vm.version" value="25.111-b14"/>
    <property name="java.ext.dirs" value="C:\Program Files\Java\jdk1.8.0_111\jre\lib\ext;C:\Windows\Sun\Java\lib\ext"/>
    <property name="sun.io.unicode.encoding" value="UnicodeLittle"/>
    <property name="java.class.version" value="52.0"/>
  </properties>
  <testcase name="create" classname="uel.ati.mercado.repository.ProdutoRepositoryTest" time="0.176"/>
  <testcase name="testValidation" classname="uel.ati.mercado.repository.ProdutoRepositoryTest" time="0.031"/>
</testsuite>